<?xml version="1.0" encoding="UTF-8"?>
<coverage generated="1526208296132" clover="3.2.0">
  <project timestamp="1526208296132" name="All files">
    <metrics statements="56" coveredstatements="56" conditionals="20" coveredconditionals="20" methods="21" coveredmethods="21" elements="97" coveredelements="97" complexity="0" loc="56" ncloc="56" packages="9" files="9" classes="9">
      <package name="src">
        <metrics statements="1" coveredstatements="1" conditionals="0" coveredconditionals="0" methods="0" coveredmethods="0"/>
        <file name="setupTests.js" path="/Users/vas/Documents/LEARN/Slot-machine/src/setupTests.js">
          <metrics statements="1" coveredstatements="1" conditionals="0" coveredconditionals="0" methods="0" coveredmethods="0"/>
          <line num="4" count="8" type="stmt"/>
        </file>
      </package>
      <package name="src.components.App">
        <metrics statements="26" coveredstatements="26" conditionals="6" coveredconditionals="6" methods="10" coveredmethods="10"/>
        <file name="index.js" path="/Users/vas/Documents/LEARN/Slot-machine/src/components/App/index.js">
          <metrics statements="26" coveredstatements="26" conditionals="6" coveredconditionals="6" methods="10" coveredmethods="10"/>
          <line num="7" count="1" type="stmt"/>
          <line num="8" count="1" type="stmt"/>
          <line num="9" count="1" type="stmt"/>
          <line num="10" count="1" type="stmt"/>
          <line num="15" count="21" type="stmt"/>
          <line num="16" count="21" type="stmt"/>
          <line num="26" count="2" type="cond" truecount="2" falsecount="0"/>
          <line num="27" count="1" type="stmt"/>
          <line num="32" count="1" type="stmt"/>
          <line num="36" count="3" type="cond" truecount="2" falsecount="0"/>
          <line num="37" count="1" type="stmt"/>
          <line num="38" count="1" type="stmt"/>
          <line num="46" count="24" type="stmt"/>
          <line num="47" count="24" type="stmt"/>
          <line num="51" count="3" type="stmt"/>
          <line num="52" count="3" type="stmt"/>
          <line num="56" count="5" type="stmt"/>
          <line num="57" count="5" type="stmt"/>
          <line num="58" count="5" type="stmt"/>
          <line num="59" count="5" type="stmt"/>
          <line num="67" count="1" type="stmt"/>
          <line num="71" count="1" type="stmt"/>
          <line num="73" count="1" type="stmt"/>
          <line num="74" count="1" type="stmt"/>
          <line num="78" count="59" type="stmt"/>
          <line num="83" count="59" type="stmt"/>
        </file>
      </package>
      <package name="src.components.Card">
        <metrics statements="1" coveredstatements="1" conditionals="2" coveredconditionals="2" methods="1" coveredmethods="1"/>
        <file name="index.js" path="/Users/vas/Documents/LEARN/Slot-machine/src/components/Card/index.js">
          <metrics statements="1" coveredstatements="1" conditionals="2" coveredconditionals="2" methods="1" coveredmethods="1"/>
          <line num="5" count="2" type="stmt"/>
        </file>
      </package>
      <package name="src.components.Controls">
        <metrics statements="1" coveredstatements="1" conditionals="0" coveredconditionals="0" methods="1" coveredmethods="1"/>
        <file name="index.js" path="/Users/vas/Documents/LEARN/Slot-machine/src/components/Controls/index.js">
          <metrics statements="1" coveredstatements="1" conditionals="0" coveredconditionals="0" methods="1" coveredmethods="1"/>
          <line num="6" count="2" type="stmt"/>
        </file>
      </package>
      <package name="src.components.Prize">
        <metrics statements="11" coveredstatements="11" conditionals="10" coveredconditionals="10" methods="1" coveredmethods="1"/>
        <file name="index.js" path="/Users/vas/Documents/LEARN/Slot-machine/src/components/Prize/index.js">
          <metrics statements="11" coveredstatements="11" conditionals="10" coveredconditionals="10" methods="1" coveredmethods="1"/>
          <line num="6" count="4" type="stmt"/>
          <line num="7" count="4" type="stmt"/>
          <line num="8" count="4" type="stmt"/>
          <line num="9" count="4" type="stmt"/>
          <line num="11" count="4" type="cond" truecount="4" falsecount="0"/>
          <line num="12" count="1" type="stmt"/>
          <line num="13" count="3" type="cond" truecount="2" falsecount="0"/>
          <line num="14" count="1" type="stmt"/>
          <line num="15" count="2" type="cond" truecount="4" falsecount="0"/>
          <line num="16" count="1" type="stmt"/>
          <line num="19" count="4" type="stmt"/>
        </file>
      </package>
      <package name="src.components.Slot">
        <metrics statements="10" coveredstatements="10" conditionals="2" coveredconditionals="2" methods="5" coveredmethods="5"/>
        <file name="index.js" path="/Users/vas/Documents/LEARN/Slot-machine/src/components/Slot/index.js">
          <metrics statements="10" coveredstatements="10" conditionals="2" coveredconditionals="2" methods="5" coveredmethods="5"/>
          <line num="6" count="4" type="stmt"/>
          <line num="27" count="3" type="stmt"/>
          <line num="28" count="3" type="stmt"/>
          <line num="35" count="3" type="stmt"/>
          <line num="41" count="2" type="cond" truecount="2" falsecount="0"/>
          <line num="42" count="1" type="stmt"/>
          <line num="43" count="1" type="stmt"/>
          <line num="47" count="1" type="stmt"/>
          <line num="52" count="4" type="stmt"/>
          <line num="56" count="9" type="stmt"/>
        </file>
      </package>
      <package name="src.components.Slots">
        <metrics statements="4" coveredstatements="4" conditionals="0" coveredconditionals="0" methods="1" coveredmethods="1"/>
        <file name="index.js" path="/Users/vas/Documents/LEARN/Slot-machine/src/components/Slots/index.js">
          <metrics statements="4" coveredstatements="4" conditionals="0" coveredconditionals="0" methods="1" coveredmethods="1"/>
          <line num="7" count="2" type="stmt"/>
          <line num="9" count="2" type="stmt"/>
          <line num="10" count="3" type="stmt"/>
          <line num="13" count="2" type="stmt"/>
        </file>
      </package>
      <package name="src.components.StartButton">
        <metrics statements="1" coveredstatements="1" conditionals="0" coveredconditionals="0" methods="1" coveredmethods="1"/>
        <file name="index.js" path="/Users/vas/Documents/LEARN/Slot-machine/src/components/StartButton/index.js">
          <metrics statements="1" coveredstatements="1" conditionals="0" coveredconditionals="0" methods="1" coveredmethods="1"/>
          <line num="4" count="1" type="stmt"/>
        </file>
      </package>
      <package name="src.components.StopButton">
        <metrics statements="1" coveredstatements="1" conditionals="0" coveredconditionals="0" methods="1" coveredmethods="1"/>
        <file name="index.js" path="/Users/vas/Documents/LEARN/Slot-machine/src/components/StopButton/index.js">
          <metrics statements="1" coveredstatements="1" conditionals="0" coveredconditionals="0" methods="1" coveredmethods="1"/>
          <line num="4" count="1" type="stmt"/>
        </file>
      </package>
    </metrics>
  </project>
</coverage>
