<?xml version="1.0" encoding="UTF-8"?>
<coverage generated="1526302760926" clover="3.2.0">
  <project timestamp="1526302760926" name="All files">
    <metrics statements="62" coveredstatements="59" conditionals="20" coveredconditionals="19" methods="17" coveredmethods="17" elements="99" coveredelements="95" complexity="0" loc="62" ncloc="62" packages="9" files="9" classes="9">
      <package name="src">
        <metrics statements="1" coveredstatements="1" conditionals="0" coveredconditionals="0" methods="0" coveredmethods="0"/>
        <file name="setupTests.js" path="/Users/vas/Documents/LEARN/Slot-machine/src/setupTests.js">
          <metrics statements="1" coveredstatements="1" conditionals="0" coveredconditionals="0" methods="0" coveredmethods="0"/>
          <line num="4" count="8" type="stmt"/>
        </file>
      </package>
      <package name="src.components.App">
        <metrics statements="24" coveredstatements="24" conditionals="6" coveredconditionals="6" methods="9" coveredmethods="9"/>
        <file name="index.js" path="/Users/vas/Documents/LEARN/Slot-machine/src/components/App/index.js">
          <metrics statements="24" coveredstatements="24" conditionals="6" coveredconditionals="6" methods="9" coveredmethods="9"/>
          <line num="7" count="1" type="stmt"/>
          <line num="8" count="1" type="stmt"/>
          <line num="9" count="1" type="stmt"/>
          <line num="10" count="1" type="stmt"/>
          <line num="23" count="2" type="cond" truecount="2" falsecount="0"/>
          <line num="24" count="1" type="stmt"/>
          <line num="29" count="1" type="stmt"/>
          <line num="33" count="3" type="cond" truecount="2" falsecount="0"/>
          <line num="34" count="1" type="stmt"/>
          <line num="35" count="1" type="stmt"/>
          <line num="43" count="24" type="stmt"/>
          <line num="44" count="24" type="stmt"/>
          <line num="48" count="3" type="stmt"/>
          <line num="49" count="3" type="stmt"/>
          <line num="53" count="5" type="stmt"/>
          <line num="54" count="5" type="stmt"/>
          <line num="55" count="5" type="stmt"/>
          <line num="56" count="5" type="stmt"/>
          <line num="64" count="1" type="stmt"/>
          <line num="68" count="1" type="stmt"/>
          <line num="70" count="1" type="stmt"/>
          <line num="71" count="1" type="stmt"/>
          <line num="75" count="59" type="stmt"/>
          <line num="80" count="59" type="stmt"/>
        </file>
      </package>
      <package name="src.components.Card">
        <metrics statements="3" coveredstatements="3" conditionals="2" coveredconditionals="2" methods="1" coveredmethods="1"/>
        <file name="index.js" path="/Users/vas/Documents/LEARN/Slot-machine/src/components/Card/index.js">
          <metrics statements="3" coveredstatements="3" conditionals="2" coveredconditionals="2" methods="1" coveredmethods="1"/>
          <line num="5" count="5" type="stmt"/>
          <line num="6" count="2" type="stmt"/>
          <line num="15" count="5" type="stmt"/>
        </file>
      </package>
      <package name="src.components.Controls">
        <metrics statements="3" coveredstatements="3" conditionals="0" coveredconditionals="0" methods="1" coveredmethods="1"/>
        <file name="index.js" path="/Users/vas/Documents/LEARN/Slot-machine/src/components/Controls/index.js">
          <metrics statements="3" coveredstatements="3" conditionals="0" coveredconditionals="0" methods="1" coveredmethods="1"/>
          <line num="6" count="2" type="stmt"/>
          <line num="7" count="2" type="stmt"/>
          <line num="13" count="2" type="stmt"/>
        </file>
      </package>
      <package name="src.components.Prize">
        <metrics statements="12" coveredstatements="12" conditionals="10" coveredconditionals="10" methods="1" coveredmethods="1"/>
        <file name="index.js" path="/Users/vas/Documents/LEARN/Slot-machine/src/components/Prize/index.js">
          <metrics statements="12" coveredstatements="12" conditionals="10" coveredconditionals="10" methods="1" coveredmethods="1"/>
          <line num="7" count="4" type="stmt"/>
          <line num="8" count="4" type="stmt"/>
          <line num="9" count="4" type="stmt"/>
          <line num="10" count="4" type="stmt"/>
          <line num="12" count="4" type="cond" truecount="4" falsecount="0"/>
          <line num="13" count="1" type="stmt"/>
          <line num="14" count="3" type="cond" truecount="2" falsecount="0"/>
          <line num="15" count="1" type="stmt"/>
          <line num="16" count="2" type="cond" truecount="4" falsecount="0"/>
          <line num="17" count="1" type="stmt"/>
          <line num="20" count="4" type="stmt"/>
          <line num="24" count="2" type="stmt"/>
        </file>
      </package>
      <package name="src.components.Slot">
        <metrics statements="8" coveredstatements="5" conditionals="2" coveredconditionals="1" methods="2" coveredmethods="2"/>
        <file name="index.js" path="/Users/vas/Documents/LEARN/Slot-machine/src/components/Slot/index.js">
          <metrics statements="8" coveredstatements="5" conditionals="2" coveredconditionals="1" methods="2" coveredmethods="2"/>
          <line num="7" count="4" type="stmt"/>
          <line num="33" count="1" type="cond" truecount="1" falsecount="1"/>
          <line num="34" count="0" type="stmt"/>
          <line num="36" count="0" type="stmt"/>
          <line num="38" count="0" type="stmt"/>
          <line num="44" count="1" type="stmt"/>
          <line num="48" count="2" type="stmt"/>
          <line num="54" count="4" type="stmt"/>
        </file>
      </package>
      <package name="src.components.Slots">
        <metrics statements="5" coveredstatements="5" conditionals="0" coveredconditionals="0" methods="1" coveredmethods="1"/>
        <file name="index.js" path="/Users/vas/Documents/LEARN/Slot-machine/src/components/Slots/index.js">
          <metrics statements="5" coveredstatements="5" conditionals="0" coveredconditionals="0" methods="1" coveredmethods="1"/>
          <line num="8" count="2" type="stmt"/>
          <line num="10" count="2" type="stmt"/>
          <line num="11" count="3" type="stmt"/>
          <line num="14" count="2" type="stmt"/>
          <line num="20" count="2" type="stmt"/>
        </file>
      </package>
      <package name="src.components.StartButton">
        <metrics statements="3" coveredstatements="3" conditionals="0" coveredconditionals="0" methods="1" coveredmethods="1"/>
        <file name="index.js" path="/Users/vas/Documents/LEARN/Slot-machine/src/components/StartButton/index.js">
          <metrics statements="3" coveredstatements="3" conditionals="0" coveredconditionals="0" methods="1" coveredmethods="1"/>
          <line num="4" count="3" type="stmt"/>
          <line num="5" count="1" type="stmt"/>
          <line num="10" count="3" type="stmt"/>
        </file>
      </package>
      <package name="src.components.StopButton">
        <metrics statements="3" coveredstatements="3" conditionals="0" coveredconditionals="0" methods="1" coveredmethods="1"/>
        <file name="index.js" path="/Users/vas/Documents/LEARN/Slot-machine/src/components/StopButton/index.js">
          <metrics statements="3" coveredstatements="3" conditionals="0" coveredconditionals="0" methods="1" coveredmethods="1"/>
          <line num="4" count="3" type="stmt"/>
          <line num="5" count="1" type="stmt"/>
          <line num="10" count="3" type="stmt"/>
        </file>
      </package>
    </metrics>
  </project>
</coverage>
