{"/Users/vas/Documents/LEARN/Slot-machine/src/setupTests.js": {"path":"/Users/vas/Documents/LEARN/Slot-machine/src/setupTests.js","statementMap":{"0":{"start":{"line":4,"column":0},"end":{"line":4,"column":45}}},"fnMap":{},"branchMap":{},"s":{"0":8},"f":{},"b":{},"_coverageSchema":"332fd63041d2c1bcb487cc26dd0d5f7d97098a6c","hash":"72479e8ff2b30d79d0d1cc5cc07e765373375f62"}
,"/Users/vas/Documents/LEARN/Slot-machine/src/components/App/index.js": {"path":"/Users/vas/Documents/LEARN/Slot-machine/src/components/App/index.js","statementMap":{"0":{"start":{"line":7,"column":23},"end":{"line":7,"column":27}},"1":{"start":{"line":8,"column":22},"end":{"line":8,"column":27}},"2":{"start":{"line":9,"column":13},"end":{"line":9,"column":15}},"3":{"start":{"line":10,"column":20},"end":{"line":10,"column":21}},"4":{"start":{"line":15,"column":8},"end":{"line":15,"column":21}},"5":{"start":{"line":16,"column":8},"end":{"line":22,"column":9}},"6":{"start":{"line":26,"column":8},"end":{"line":28,"column":9}},"7":{"start":{"line":27,"column":12},"end":{"line":27,"column":29}},"8":{"start":{"line":32,"column":8},"end":{"line":32,"column":20}},"9":{"start":{"line":36,"column":2},"end":{"line":42,"column":3}},"10":{"start":{"line":37,"column":3},"end":{"line":37,"column":40}},"11":{"start":{"line":38,"column":3},"end":{"line":41,"column":6}},"12":{"start":{"line":46,"column":26},"end":{"line":46,"column":79}},"13":{"start":{"line":47,"column":8},"end":{"line":47,"column":46}},"14":{"start":{"line":51,"column":8},"end":{"line":51,"column":45}},"15":{"start":{"line":52,"column":8},"end":{"line":52,"column":43}},"16":{"start":{"line":56,"column":8},"end":{"line":56,"column":43}},"17":{"start":{"line":57,"column":27},"end":{"line":57,"column":79}},"18":{"start":{"line":58,"column":26},"end":{"line":58,"column":73}},"19":{"start":{"line":59,"column":8},"end":{"line":63,"column":11}},"20":{"start":{"line":67,"column":2},"end":{"line":67,"column":53}},"21":{"start":{"line":71,"column":22},"end":{"line":71,"column":38}},"22":{"start":{"line":73,"column":8},"end":{"line":73,"column":28}},"23":{"start":{"line":74,"column":8},"end":{"line":74,"column":38}},"24":{"start":{"line":78,"column":32},"end":{"line":81,"column":3}},"25":{"start":{"line":83,"column":8},"end":{"line":87,"column":14}}},"fnMap":{"0":{"name":"(anonymous_0)","decl":{"start":{"line":14,"column":4},"end":{"line":14,"column":5}},"loc":{"start":{"line":14,"column":23},"end":{"line":23,"column":5}},"line":14},"1":{"name":"(anonymous_1)","decl":{"start":{"line":25,"column":24},"end":{"line":25,"column":25}},"loc":{"start":{"line":25,"column":30},"end":{"line":29,"column":5}},"line":25},"2":{"name":"(anonymous_2)","decl":{"start":{"line":31,"column":23},"end":{"line":31,"column":24}},"loc":{"start":{"line":31,"column":29},"end":{"line":33,"column":5}},"line":31},"3":{"name":"(anonymous_3)","decl":{"start":{"line":35,"column":4},"end":{"line":35,"column":5}},"loc":{"start":{"line":35,"column":11},"end":{"line":43,"column":5}},"line":35},"4":{"name":"(anonymous_4)","decl":{"start":{"line":45,"column":4},"end":{"line":45,"column":5}},"loc":{"start":{"line":45,"column":24},"end":{"line":48,"column":5}},"line":45},"5":{"name":"(anonymous_5)","decl":{"start":{"line":50,"column":4},"end":{"line":50,"column":5}},"loc":{"start":{"line":50,"column":27},"end":{"line":53,"column":5}},"line":50},"6":{"name":"(anonymous_6)","decl":{"start":{"line":55,"column":4},"end":{"line":55,"column":5}},"loc":{"start":{"line":55,"column":16},"end":{"line":64,"column":2}},"line":55},"7":{"name":"(anonymous_7)","decl":{"start":{"line":66,"column":1},"end":{"line":66,"column":2}},"loc":{"start":{"line":66,"column":21},"end":{"line":68,"column":2}},"line":66},"8":{"name":"(anonymous_8)","decl":{"start":{"line":70,"column":17},"end":{"line":70,"column":18}},"loc":{"start":{"line":70,"column":34},"end":{"line":75,"column":5}},"line":70},"9":{"name":"(anonymous_9)","decl":{"start":{"line":77,"column":4},"end":{"line":77,"column":5}},"loc":{"start":{"line":77,"column":13},"end":{"line":88,"column":5}},"line":77}},"branchMap":{"0":{"loc":{"start":{"line":26,"column":8},"end":{"line":28,"column":9}},"type":"if","locations":[{"start":{"line":26,"column":8},"end":{"line":28,"column":9}},{"start":{"line":26,"column":8},"end":{"line":28,"column":9}}],"line":26},"1":{"loc":{"start":{"line":36,"column":2},"end":{"line":42,"column":3}},"type":"if","locations":[{"start":{"line":36,"column":2},"end":{"line":42,"column":3}},{"start":{"line":36,"column":2},"end":{"line":42,"column":3}}],"line":36},"2":{"loc":{"start":{"line":86,"column":13},"end":{"line":86,"column":81}},"type":"cond-expr","locations":[{"start":{"line":86,"column":41},"end":{"line":86,"column":74}},{"start":{"line":86,"column":77},"end":{"line":86,"column":81}}],"line":86}},"s":{"0":1,"1":1,"2":1,"3":1,"4":21,"5":21,"6":2,"7":1,"8":1,"9":3,"10":1,"11":1,"12":24,"13":24,"14":3,"15":3,"16":5,"17":5,"18":5,"19":5,"20":1,"21":1,"22":1,"23":1,"24":59,"25":59},"f":{"0":21,"1":2,"2":1,"3":3,"4":24,"5":3,"6":5,"7":1,"8":1,"9":59},"b":{"0":[1,1],"1":[1,2],"2":[2,57]},"_coverageSchema":"332fd63041d2c1bcb487cc26dd0d5f7d97098a6c","hash":"3a433d838bc62f632f85b04b542657c0441bfbf0"}
,"/Users/vas/Documents/LEARN/Slot-machine/src/components/Card/index.js": {"path":"/Users/vas/Documents/LEARN/Slot-machine/src/components/Card/index.js","statementMap":{"0":{"start":{"line":5,"column":4},"end":{"line":11,"column":10}}},"fnMap":{"0":{"name":"(anonymous_0)","decl":{"start":{"line":4,"column":15},"end":{"line":4,"column":16}},"loc":{"start":{"line":4,"column":24},"end":{"line":12,"column":1}},"line":4}},"branchMap":{"0":{"loc":{"start":{"line":7,"column":3},"end":{"line":9,"column":10}},"type":"cond-expr","locations":[{"start":{"line":8,"column":6},"end":{"line":8,"column":63}},{"start":{"line":9,"column":6},"end":{"line":9,"column":10}}],"line":7}},"s":{"0":2},"f":{"0":2},"b":{"0":[1,1]},"_coverageSchema":"332fd63041d2c1bcb487cc26dd0d5f7d97098a6c","hash":"2654e1aee0e52c212f2a14305d323de466ab2b79"}
,"/Users/vas/Documents/LEARN/Slot-machine/src/components/Controls/index.js": {"path":"/Users/vas/Documents/LEARN/Slot-machine/src/components/Controls/index.js","statementMap":{"0":{"start":{"line":6,"column":4},"end":{"line":9,"column":10}}},"fnMap":{"0":{"name":"(anonymous_0)","decl":{"start":{"line":5,"column":15},"end":{"line":5,"column":16}},"loc":{"start":{"line":5,"column":24},"end":{"line":10,"column":1}},"line":5}},"branchMap":{},"s":{"0":2},"f":{"0":2},"b":{},"_coverageSchema":"332fd63041d2c1bcb487cc26dd0d5f7d97098a6c","hash":"98b420afc427244b0e3101da4b5316942c277198"}
,"/Users/vas/Documents/LEARN/Slot-machine/src/components/Prize/index.js": {"path":"/Users/vas/Documents/LEARN/Slot-machine/src/components/Prize/index.js","statementMap":{"0":{"start":{"line":6,"column":22},"end":{"line":6,"column":46}},"1":{"start":{"line":7,"column":23},"end":{"line":7,"column":47}},"2":{"start":{"line":8,"column":22},"end":{"line":8,"column":46}},"3":{"start":{"line":9,"column":20},"end":{"line":9,"column":21}},"4":{"start":{"line":11,"column":8},"end":{"line":17,"column":9}},"5":{"start":{"line":12,"column":12},"end":{"line":12,"column":24}},"6":{"start":{"line":13,"column":15},"end":{"line":17,"column":9}},"7":{"start":{"line":14,"column":12},"end":{"line":14,"column":23}},"8":{"start":{"line":15,"column":15},"end":{"line":17,"column":9}},"9":{"start":{"line":16,"column":12},"end":{"line":16,"column":23}},"10":{"start":{"line":19,"column":8},"end":{"line":19,"column":38}}},"fnMap":{"0":{"name":"(anonymous_0)","decl":{"start":{"line":5,"column":4},"end":{"line":5,"column":5}},"loc":{"start":{"line":5,"column":13},"end":{"line":20,"column":5}},"line":5}},"branchMap":{"0":{"loc":{"start":{"line":11,"column":8},"end":{"line":17,"column":9}},"type":"if","locations":[{"start":{"line":11,"column":8},"end":{"line":17,"column":9}},{"start":{"line":11,"column":8},"end":{"line":17,"column":9}}],"line":11},"1":{"loc":{"start":{"line":11,"column":12},"end":{"line":11,"column":48}},"type":"binary-expr","locations":[{"start":{"line":11,"column":12},"end":{"line":11,"column":28}},{"start":{"line":11,"column":32},"end":{"line":11,"column":48}}],"line":11},"2":{"loc":{"start":{"line":13,"column":15},"end":{"line":17,"column":9}},"type":"if","locations":[{"start":{"line":13,"column":15},"end":{"line":17,"column":9}},{"start":{"line":13,"column":15},"end":{"line":17,"column":9}}],"line":13},"3":{"loc":{"start":{"line":15,"column":15},"end":{"line":17,"column":9}},"type":"if","locations":[{"start":{"line":15,"column":15},"end":{"line":17,"column":9}},{"start":{"line":15,"column":15},"end":{"line":17,"column":9}}],"line":15},"4":{"loc":{"start":{"line":15,"column":19},"end":{"line":15,"column":55}},"type":"binary-expr","locations":[{"start":{"line":15,"column":19},"end":{"line":15,"column":35}},{"start":{"line":15,"column":39},"end":{"line":15,"column":55}}],"line":15}},"s":{"0":4,"1":4,"2":4,"3":4,"4":4,"5":1,"6":3,"7":1,"8":2,"9":1,"10":4},"f":{"0":4},"b":{"0":[1,3],"1":[4,2],"2":[1,2],"3":[1,1],"4":[2,1]},"_coverageSchema":"332fd63041d2c1bcb487cc26dd0d5f7d97098a6c","hash":"652bf709577c43f9f0fd77fdf2b3051cf90255af"}
,"/Users/vas/Documents/LEARN/Slot-machine/src/components/Slot/index.js": {"path":"/Users/vas/Documents/LEARN/Slot-machine/src/components/Slot/index.js","statementMap":{"0":{"start":{"line":6,"column":14},"end":{"line":23,"column":1}},"1":{"start":{"line":27,"column":8},"end":{"line":27,"column":21}},"2":{"start":{"line":28,"column":8},"end":{"line":31,"column":9}},"3":{"start":{"line":35,"column":8},"end":{"line":37,"column":10}},"4":{"start":{"line":41,"column":8},"end":{"line":48,"column":9}},"5":{"start":{"line":42,"column":25},"end":{"line":42,"column":43}},"6":{"start":{"line":43,"column":12},"end":{"line":46,"column":14}},"7":{"start":{"line":47,"column":12},"end":{"line":47,"column":58}},"8":{"start":{"line":52,"column":8},"end":{"line":52,"column":69}},"9":{"start":{"line":56,"column":8},"end":{"line":58,"column":13}}},"fnMap":{"0":{"name":"(anonymous_0)","decl":{"start":{"line":26,"column":4},"end":{"line":26,"column":5}},"loc":{"start":{"line":26,"column":23},"end":{"line":32,"column":5}},"line":26},"1":{"name":"(anonymous_1)","decl":{"start":{"line":34,"column":4},"end":{"line":34,"column":5}},"loc":{"start":{"line":34,"column":24},"end":{"line":38,"column":5}},"line":34},"2":{"name":"(anonymous_2)","decl":{"start":{"line":40,"column":4},"end":{"line":40,"column":5}},"loc":{"start":{"line":40,"column":32},"end":{"line":49,"column":5}},"line":40},"3":{"name":"(anonymous_3)","decl":{"start":{"line":51,"column":4},"end":{"line":51,"column":5}},"loc":{"start":{"line":51,"column":18},"end":{"line":53,"column":5}},"line":51},"4":{"name":"(anonymous_4)","decl":{"start":{"line":55,"column":4},"end":{"line":55,"column":5}},"loc":{"start":{"line":55,"column":13},"end":{"line":59,"column":5}},"line":55}},"branchMap":{"0":{"loc":{"start":{"line":41,"column":8},"end":{"line":48,"column":9}},"type":"if","locations":[{"start":{"line":41,"column":8},"end":{"line":48,"column":9}},{"start":{"line":41,"column":8},"end":{"line":48,"column":9}}],"line":41}},"s":{"0":4,"1":3,"2":3,"3":3,"4":2,"5":1,"6":1,"7":1,"8":4,"9":9},"f":{"0":3,"1":3,"2":2,"3":4,"4":9},"b":{"0":[1,1]},"_coverageSchema":"332fd63041d2c1bcb487cc26dd0d5f7d97098a6c","hash":"e5becb6c0729deb0467b196d4ececb5614f4fbd1"}
,"/Users/vas/Documents/LEARN/Slot-machine/src/components/Slots/index.js": {"path":"/Users/vas/Documents/LEARN/Slot-machine/src/components/Slots/index.js","statementMap":{"0":{"start":{"line":7,"column":26},"end":{"line":7,"column":28}},"1":{"start":{"line":9,"column":8},"end":{"line":11,"column":9}},"2":{"start":{"line":10,"column":12},"end":{"line":10,"column":122}},"3":{"start":{"line":13,"column":8},"end":{"line":15,"column":13}}},"fnMap":{"0":{"name":"(anonymous_0)","decl":{"start":{"line":6,"column":4},"end":{"line":6,"column":5}},"loc":{"start":{"line":6,"column":13},"end":{"line":16,"column":5}},"line":6}},"branchMap":{},"s":{"0":2,"1":2,"2":3,"3":2},"f":{"0":2},"b":{},"_coverageSchema":"332fd63041d2c1bcb487cc26dd0d5f7d97098a6c","hash":"33a6f697128a18aa4fb1d993735c89ef6d6a856f"}
,"/Users/vas/Documents/LEARN/Slot-machine/src/components/StartButton/index.js": {"path":"/Users/vas/Documents/LEARN/Slot-machine/src/components/StartButton/index.js","statementMap":{"0":{"start":{"line":4,"column":4},"end":{"line":4,"column":61}}},"fnMap":{"0":{"name":"(anonymous_0)","decl":{"start":{"line":3,"column":15},"end":{"line":3,"column":16}},"loc":{"start":{"line":3,"column":24},"end":{"line":5,"column":1}},"line":3}},"branchMap":{},"s":{"0":1},"f":{"0":1},"b":{},"_coverageSchema":"332fd63041d2c1bcb487cc26dd0d5f7d97098a6c","hash":"99ab4aa070cd6229647213a404ce26bdcf9f8b3b"}
,"/Users/vas/Documents/LEARN/Slot-machine/src/components/StopButton/index.js": {"path":"/Users/vas/Documents/LEARN/Slot-machine/src/components/StopButton/index.js","statementMap":{"0":{"start":{"line":4,"column":4},"end":{"line":4,"column":59}}},"fnMap":{"0":{"name":"(anonymous_0)","decl":{"start":{"line":3,"column":15},"end":{"line":3,"column":16}},"loc":{"start":{"line":3,"column":24},"end":{"line":5,"column":1}},"line":3}},"branchMap":{},"s":{"0":1},"f":{"0":1},"b":{},"_coverageSchema":"332fd63041d2c1bcb487cc26dd0d5f7d97098a6c","hash":"169a9a82080410939f3d9852e4800c41452a785f"}
}
