{"/Users/vas/Documents/LEARN/Slot-machine/src/setupTests.js": {"path":"/Users/vas/Documents/LEARN/Slot-machine/src/setupTests.js","statementMap":{"0":{"start":{"line":4,"column":0},"end":{"line":4,"column":45}}},"fnMap":{},"branchMap":{},"s":{"0":8},"f":{},"b":{},"_coverageSchema":"332fd63041d2c1bcb487cc26dd0d5f7d97098a6c","hash":"72479e8ff2b30d79d0d1cc5cc07e765373375f62"}
,"/Users/vas/Documents/LEARN/Slot-machine/src/components/App/index.js": {"path":"/Users/vas/Documents/LEARN/Slot-machine/src/components/App/index.js","statementMap":{"0":{"start":{"line":7,"column":23},"end":{"line":7,"column":27}},"1":{"start":{"line":8,"column":22},"end":{"line":8,"column":27}},"2":{"start":{"line":9,"column":13},"end":{"line":9,"column":15}},"3":{"start":{"line":10,"column":20},"end":{"line":10,"column":21}},"4":{"start":{"line":23,"column":8},"end":{"line":25,"column":9}},"5":{"start":{"line":24,"column":12},"end":{"line":24,"column":29}},"6":{"start":{"line":29,"column":8},"end":{"line":29,"column":20}},"7":{"start":{"line":33,"column":2},"end":{"line":39,"column":3}},"8":{"start":{"line":34,"column":3},"end":{"line":34,"column":40}},"9":{"start":{"line":35,"column":3},"end":{"line":38,"column":6}},"10":{"start":{"line":43,"column":26},"end":{"line":43,"column":79}},"11":{"start":{"line":44,"column":8},"end":{"line":44,"column":46}},"12":{"start":{"line":48,"column":8},"end":{"line":48,"column":45}},"13":{"start":{"line":49,"column":8},"end":{"line":49,"column":43}},"14":{"start":{"line":53,"column":8},"end":{"line":53,"column":43}},"15":{"start":{"line":54,"column":27},"end":{"line":54,"column":79}},"16":{"start":{"line":55,"column":26},"end":{"line":55,"column":73}},"17":{"start":{"line":56,"column":8},"end":{"line":60,"column":11}},"18":{"start":{"line":64,"column":2},"end":{"line":64,"column":53}},"19":{"start":{"line":68,"column":22},"end":{"line":68,"column":38}},"20":{"start":{"line":70,"column":8},"end":{"line":70,"column":28}},"21":{"start":{"line":71,"column":8},"end":{"line":71,"column":38}},"22":{"start":{"line":75,"column":32},"end":{"line":78,"column":3}},"23":{"start":{"line":80,"column":8},"end":{"line":84,"column":14}}},"fnMap":{"0":{"name":"(anonymous_0)","decl":{"start":{"line":22,"column":24},"end":{"line":22,"column":25}},"loc":{"start":{"line":22,"column":30},"end":{"line":26,"column":5}},"line":22},"1":{"name":"(anonymous_1)","decl":{"start":{"line":28,"column":23},"end":{"line":28,"column":24}},"loc":{"start":{"line":28,"column":29},"end":{"line":30,"column":5}},"line":28},"2":{"name":"(anonymous_2)","decl":{"start":{"line":32,"column":4},"end":{"line":32,"column":5}},"loc":{"start":{"line":32,"column":11},"end":{"line":40,"column":5}},"line":32},"3":{"name":"(anonymous_3)","decl":{"start":{"line":42,"column":4},"end":{"line":42,"column":5}},"loc":{"start":{"line":42,"column":24},"end":{"line":45,"column":5}},"line":42},"4":{"name":"(anonymous_4)","decl":{"start":{"line":47,"column":4},"end":{"line":47,"column":5}},"loc":{"start":{"line":47,"column":27},"end":{"line":50,"column":5}},"line":47},"5":{"name":"(anonymous_5)","decl":{"start":{"line":52,"column":4},"end":{"line":52,"column":5}},"loc":{"start":{"line":52,"column":16},"end":{"line":61,"column":2}},"line":52},"6":{"name":"(anonymous_6)","decl":{"start":{"line":63,"column":1},"end":{"line":63,"column":2}},"loc":{"start":{"line":63,"column":21},"end":{"line":65,"column":2}},"line":63},"7":{"name":"(anonymous_7)","decl":{"start":{"line":67,"column":17},"end":{"line":67,"column":18}},"loc":{"start":{"line":67,"column":34},"end":{"line":72,"column":5}},"line":67},"8":{"name":"(anonymous_8)","decl":{"start":{"line":74,"column":4},"end":{"line":74,"column":5}},"loc":{"start":{"line":74,"column":13},"end":{"line":85,"column":5}},"line":74}},"branchMap":{"0":{"loc":{"start":{"line":23,"column":8},"end":{"line":25,"column":9}},"type":"if","locations":[{"start":{"line":23,"column":8},"end":{"line":25,"column":9}},{"start":{"line":23,"column":8},"end":{"line":25,"column":9}}],"line":23},"1":{"loc":{"start":{"line":33,"column":2},"end":{"line":39,"column":3}},"type":"if","locations":[{"start":{"line":33,"column":2},"end":{"line":39,"column":3}},{"start":{"line":33,"column":2},"end":{"line":39,"column":3}}],"line":33},"2":{"loc":{"start":{"line":83,"column":13},"end":{"line":83,"column":81}},"type":"cond-expr","locations":[{"start":{"line":83,"column":41},"end":{"line":83,"column":74}},{"start":{"line":83,"column":77},"end":{"line":83,"column":81}}],"line":83}},"s":{"0":1,"1":1,"2":1,"3":1,"4":2,"5":1,"6":1,"7":3,"8":1,"9":1,"10":24,"11":24,"12":3,"13":3,"14":5,"15":5,"16":5,"17":5,"18":1,"19":1,"20":1,"21":1,"22":59,"23":59},"f":{"0":2,"1":1,"2":3,"3":24,"4":3,"5":5,"6":1,"7":1,"8":59},"b":{"0":[1,1],"1":[1,2],"2":[2,57]},"_coverageSchema":"332fd63041d2c1bcb487cc26dd0d5f7d97098a6c","hash":"e12d8a444888270185b8781f3c00a1fd264b8b43"}
,"/Users/vas/Documents/LEARN/Slot-machine/src/components/Card/index.js": {"path":"/Users/vas/Documents/LEARN/Slot-machine/src/components/Card/index.js","statementMap":{"0":{"start":{"line":5,"column":13},"end":{"line":13,"column":1}},"1":{"start":{"line":6,"column":4},"end":{"line":12,"column":10}},"2":{"start":{"line":15,"column":0},"end":{"line":17,"column":1}}},"fnMap":{"0":{"name":"(anonymous_0)","decl":{"start":{"line":5,"column":13},"end":{"line":5,"column":14}},"loc":{"start":{"line":5,"column":22},"end":{"line":13,"column":1}},"line":5}},"branchMap":{"0":{"loc":{"start":{"line":8,"column":3},"end":{"line":10,"column":10}},"type":"cond-expr","locations":[{"start":{"line":9,"column":6},"end":{"line":9,"column":63}},{"start":{"line":10,"column":6},"end":{"line":10,"column":10}}],"line":8}},"s":{"0":5,"1":2,"2":5},"f":{"0":2},"b":{"0":[1,1]},"_coverageSchema":"332fd63041d2c1bcb487cc26dd0d5f7d97098a6c","hash":"613b0c0e733820fdfcc3366b3c34d4c26e919b4c"}
,"/Users/vas/Documents/LEARN/Slot-machine/src/components/Controls/index.js": {"path":"/Users/vas/Documents/LEARN/Slot-machine/src/components/Controls/index.js","statementMap":{"0":{"start":{"line":6,"column":17},"end":{"line":11,"column":1}},"1":{"start":{"line":7,"column":4},"end":{"line":10,"column":10}},"2":{"start":{"line":13,"column":0},"end":{"line":15,"column":1}}},"fnMap":{"0":{"name":"(anonymous_0)","decl":{"start":{"line":6,"column":17},"end":{"line":6,"column":18}},"loc":{"start":{"line":6,"column":26},"end":{"line":11,"column":1}},"line":6}},"branchMap":{},"s":{"0":2,"1":2,"2":2},"f":{"0":2},"b":{},"_coverageSchema":"332fd63041d2c1bcb487cc26dd0d5f7d97098a6c","hash":"2ef2c9898c4a4a480e8a26999354fa6a52091e5b"}
,"/Users/vas/Documents/LEARN/Slot-machine/src/components/Prize/index.js": {"path":"/Users/vas/Documents/LEARN/Slot-machine/src/components/Prize/index.js","statementMap":{"0":{"start":{"line":7,"column":22},"end":{"line":7,"column":46}},"1":{"start":{"line":8,"column":23},"end":{"line":8,"column":47}},"2":{"start":{"line":9,"column":22},"end":{"line":9,"column":46}},"3":{"start":{"line":10,"column":20},"end":{"line":10,"column":21}},"4":{"start":{"line":12,"column":8},"end":{"line":18,"column":9}},"5":{"start":{"line":13,"column":12},"end":{"line":13,"column":24}},"6":{"start":{"line":14,"column":15},"end":{"line":18,"column":9}},"7":{"start":{"line":15,"column":12},"end":{"line":15,"column":23}},"8":{"start":{"line":16,"column":15},"end":{"line":18,"column":9}},"9":{"start":{"line":17,"column":12},"end":{"line":17,"column":23}},"10":{"start":{"line":20,"column":8},"end":{"line":20,"column":38}},"11":{"start":{"line":24,"column":0},"end":{"line":26,"column":1}}},"fnMap":{"0":{"name":"(anonymous_0)","decl":{"start":{"line":6,"column":4},"end":{"line":6,"column":5}},"loc":{"start":{"line":6,"column":13},"end":{"line":21,"column":5}},"line":6}},"branchMap":{"0":{"loc":{"start":{"line":12,"column":8},"end":{"line":18,"column":9}},"type":"if","locations":[{"start":{"line":12,"column":8},"end":{"line":18,"column":9}},{"start":{"line":12,"column":8},"end":{"line":18,"column":9}}],"line":12},"1":{"loc":{"start":{"line":12,"column":12},"end":{"line":12,"column":48}},"type":"binary-expr","locations":[{"start":{"line":12,"column":12},"end":{"line":12,"column":28}},{"start":{"line":12,"column":32},"end":{"line":12,"column":48}}],"line":12},"2":{"loc":{"start":{"line":14,"column":15},"end":{"line":18,"column":9}},"type":"if","locations":[{"start":{"line":14,"column":15},"end":{"line":18,"column":9}},{"start":{"line":14,"column":15},"end":{"line":18,"column":9}}],"line":14},"3":{"loc":{"start":{"line":16,"column":15},"end":{"line":18,"column":9}},"type":"if","locations":[{"start":{"line":16,"column":15},"end":{"line":18,"column":9}},{"start":{"line":16,"column":15},"end":{"line":18,"column":9}}],"line":16},"4":{"loc":{"start":{"line":16,"column":19},"end":{"line":16,"column":55}},"type":"binary-expr","locations":[{"start":{"line":16,"column":19},"end":{"line":16,"column":35}},{"start":{"line":16,"column":39},"end":{"line":16,"column":55}}],"line":16}},"s":{"0":4,"1":4,"2":4,"3":4,"4":4,"5":1,"6":3,"7":1,"8":2,"9":1,"10":4,"11":2},"f":{"0":4},"b":{"0":[1,3],"1":[4,2],"2":[1,2],"3":[1,1],"4":[2,1]},"_coverageSchema":"332fd63041d2c1bcb487cc26dd0d5f7d97098a6c","hash":"39eb9d30fc9eab9c26e7afbd4473c1536d5885eb"}
,"/Users/vas/Documents/LEARN/Slot-machine/src/components/Slot/index.js": {"path":"/Users/vas/Documents/LEARN/Slot-machine/src/components/Slot/index.js","statementMap":{"0":{"start":{"line":7,"column":14},"end":{"line":24,"column":1}},"1":{"start":{"line":33,"column":8},"end":{"line":42,"column":3}},"2":{"start":{"line":34,"column":16},"end":{"line":34,"column":63}},"3":{"start":{"line":36,"column":3},"end":{"line":36,"column":47}},"4":{"start":{"line":38,"column":3},"end":{"line":41,"column":13}},"5":{"start":{"line":44,"column":2},"end":{"line":44,"column":14}},"6":{"start":{"line":48,"column":8},"end":{"line":50,"column":13}},"7":{"start":{"line":54,"column":0},"end":{"line":56,"column":1}}},"fnMap":{"0":{"name":"(anonymous_0)","decl":{"start":{"line":32,"column":4},"end":{"line":32,"column":5}},"loc":{"start":{"line":32,"column":58},"end":{"line":45,"column":5}},"line":32},"1":{"name":"(anonymous_1)","decl":{"start":{"line":47,"column":4},"end":{"line":47,"column":5}},"loc":{"start":{"line":47,"column":13},"end":{"line":51,"column":5}},"line":47}},"branchMap":{"0":{"loc":{"start":{"line":33,"column":8},"end":{"line":42,"column":3}},"type":"if","locations":[{"start":{"line":33,"column":8},"end":{"line":42,"column":3}},{"start":{"line":33,"column":8},"end":{"line":42,"column":3}}],"line":33}},"s":{"0":4,"1":4,"2":1,"3":1,"4":1,"5":3,"6":5,"7":4},"f":{"0":4,"1":5},"b":{"0":[1,3]},"_coverageSchema":"332fd63041d2c1bcb487cc26dd0d5f7d97098a6c","hash":"0ed28f50a4e3f9719eddd52877a3057cf760cc23"}
,"/Users/vas/Documents/LEARN/Slot-machine/src/components/Slots/index.js": {"path":"/Users/vas/Documents/LEARN/Slot-machine/src/components/Slots/index.js","statementMap":{"0":{"start":{"line":8,"column":26},"end":{"line":8,"column":28}},"1":{"start":{"line":10,"column":8},"end":{"line":12,"column":9}},"2":{"start":{"line":11,"column":12},"end":{"line":11,"column":122}},"3":{"start":{"line":14,"column":8},"end":{"line":16,"column":13}},"4":{"start":{"line":20,"column":0},"end":{"line":24,"column":1}}},"fnMap":{"0":{"name":"(anonymous_0)","decl":{"start":{"line":7,"column":4},"end":{"line":7,"column":5}},"loc":{"start":{"line":7,"column":13},"end":{"line":17,"column":5}},"line":7}},"branchMap":{},"s":{"0":2,"1":2,"2":3,"3":2,"4":2},"f":{"0":2},"b":{},"_coverageSchema":"332fd63041d2c1bcb487cc26dd0d5f7d97098a6c","hash":"18c5184b0338f495eaf146fd2ead66235e495d6e"}
,"/Users/vas/Documents/LEARN/Slot-machine/src/components/StartButton/index.js": {"path":"/Users/vas/Documents/LEARN/Slot-machine/src/components/StartButton/index.js","statementMap":{"0":{"start":{"line":4,"column":20},"end":{"line":6,"column":1}},"1":{"start":{"line":5,"column":4},"end":{"line":5,"column":61}},"2":{"start":{"line":10,"column":0},"end":{"line":12,"column":1}}},"fnMap":{"0":{"name":"(anonymous_0)","decl":{"start":{"line":4,"column":20},"end":{"line":4,"column":21}},"loc":{"start":{"line":4,"column":29},"end":{"line":6,"column":1}},"line":4}},"branchMap":{},"s":{"0":3,"1":1,"2":3},"f":{"0":1},"b":{},"_coverageSchema":"332fd63041d2c1bcb487cc26dd0d5f7d97098a6c","hash":"39ae2578faecff21dc00efc4d85a98d4394bd3df"}
,"/Users/vas/Documents/LEARN/Slot-machine/src/components/StopButton/index.js": {"path":"/Users/vas/Documents/LEARN/Slot-machine/src/components/StopButton/index.js","statementMap":{"0":{"start":{"line":4,"column":19},"end":{"line":6,"column":1}},"1":{"start":{"line":5,"column":4},"end":{"line":5,"column":59}},"2":{"start":{"line":10,"column":0},"end":{"line":12,"column":1}}},"fnMap":{"0":{"name":"(anonymous_0)","decl":{"start":{"line":4,"column":19},"end":{"line":4,"column":20}},"loc":{"start":{"line":4,"column":28},"end":{"line":6,"column":1}},"line":4}},"branchMap":{},"s":{"0":3,"1":1,"2":3},"f":{"0":1},"b":{},"_coverageSchema":"332fd63041d2c1bcb487cc26dd0d5f7d97098a6c","hash":"cf81223705c7a5a6713a14aeddefad8b8ac65c0c"}
}
