TN:
SF:/Users/vas/Documents/LEARN/Slot-machine/src/setupTests.js
FNF:0
FNH:0
DA:4,8
LF:1
LH:1
BRF:0
BRH:0
end_of_record
TN:
SF:/Users/vas/Documents/LEARN/Slot-machine/src/components/App/index.js
FN:14,(anonymous_0)
FN:24,(anonymous_1)
FN:30,(anonymous_2)
FN:34,(anonymous_3)
FN:42,(anonymous_4)
FN:43,(anonymous_5)
FN:49,(anonymous_6)
FN:54,(anonymous_7)
FN:56,(anonymous_8)
FN:59,(anonymous_9)
FN:69,(anonymous_10)
FN:76,(anonymous_11)
FNF:12
FNH:9
FNDA:19,(anonymous_0)
FNDA:2,(anonymous_1)
FNDA:1,(anonymous_2)
FNDA:2,(anonymous_3)
FNDA:22,(anonymous_4)
FNDA:0,(anonymous_5)
FNDA:3,(anonymous_6)
FNDA:5,(anonymous_7)
FNDA:0,(anonymous_8)
FNDA:0,(anonymous_9)
FNDA:1,(anonymous_10)
FNDA:53,(anonymous_11)
DA:7,1
DA:8,1
DA:9,1
DA:10,1
DA:15,19
DA:16,19
DA:25,2
DA:26,1
DA:31,1
DA:35,2
DA:36,2
DA:43,22
DA:44,0
DA:46,22
DA:50,3
DA:51,3
DA:55,5
DA:56,5
DA:57,0
DA:59,5
DA:60,0
DA:62,5
DA:70,1
DA:72,1
DA:73,1
DA:77,53
DA:79,53
LF:27
LH:24
BRDA:25,0,0,1
BRDA:25,0,1,1
BRDA:82,1,0,3
BRDA:82,1,1,50
BRF:4
BRH:4
end_of_record
TN:
SF:/Users/vas/Documents/LEARN/Slot-machine/src/components/Card/index.js
FN:4,(anonymous_0)
FNF:1
FNH:1
FNDA:2,(anonymous_0)
DA:5,2
LF:1
LH:1
BRDA:7,0,0,1
BRDA:7,0,1,1
BRF:2
BRH:2
end_of_record
TN:
SF:/Users/vas/Documents/LEARN/Slot-machine/src/components/Controls/index.js
FN:5,(anonymous_0)
FNF:1
FNH:1
FNDA:2,(anonymous_0)
DA:6,2
LF:1
LH:1
BRF:0
BRH:0
end_of_record
TN:
SF:/Users/vas/Documents/LEARN/Slot-machine/src/components/Prize/index.js
FN:5,(anonymous_0)
FNF:1
FNH:1
FNDA:4,(anonymous_0)
DA:6,4
DA:7,4
DA:8,4
DA:9,4
DA:11,4
DA:12,1
DA:13,3
DA:14,1
DA:15,2
DA:16,1
DA:19,4
LF:11
LH:11
BRDA:11,0,0,1
BRDA:11,0,1,3
BRDA:11,1,0,4
BRDA:11,1,1,2
BRDA:13,2,0,1
BRDA:13,2,1,2
BRDA:15,3,0,1
BRDA:15,3,1,1
BRDA:15,4,0,2
BRDA:15,4,1,1
BRF:10
BRH:10
end_of_record
TN:
SF:/Users/vas/Documents/LEARN/Slot-machine/src/components/Slot/index.js
FN:26,(anonymous_0)
FN:34,(anonymous_1)
FN:40,(anonymous_2)
FN:51,(anonymous_3)
FN:55,(anonymous_4)
FNF:5
FNH:5
FNDA:3,(anonymous_0)
FNDA:3,(anonymous_1)
FNDA:2,(anonymous_2)
FNDA:4,(anonymous_3)
FNDA:9,(anonymous_4)
DA:6,4
DA:27,3
DA:28,3
DA:35,3
DA:41,2
DA:42,1
DA:43,1
DA:47,1
DA:52,4
DA:56,9
LF:10
LH:10
BRDA:41,0,0,1
BRDA:41,0,1,1
BRF:2
BRH:2
end_of_record
TN:
SF:/Users/vas/Documents/LEARN/Slot-machine/src/components/Slots/index.js
FN:6,(anonymous_0)
FNF:1
FNH:1
FNDA:2,(anonymous_0)
DA:7,2
DA:9,2
DA:10,3
DA:13,2
LF:4
LH:4
BRF:0
BRH:0
end_of_record
TN:
SF:/Users/vas/Documents/LEARN/Slot-machine/src/components/StartButton/index.js
FN:3,(anonymous_0)
FNF:1
FNH:1
FNDA:1,(anonymous_0)
DA:4,1
LF:1
LH:1
BRF:0
BRH:0
end_of_record
TN:
SF:/Users/vas/Documents/LEARN/Slot-machine/src/components/StopButton/index.js
FN:3,(anonymous_0)
FNF:1
FNH:1
FNDA:1,(anonymous_0)
DA:4,1
LF:1
LH:1
BRF:0
BRH:0
end_of_record
