TN:
SF:/Users/vas/Documents/LEARN/Slot-machine/src/setupTests.js
FNF:0
FNH:0
DA:4,8
LF:1
LH:1
BRF:0
BRH:0
end_of_record
TN:
SF:/Users/vas/Documents/LEARN/Slot-machine/src/components/App/index.js
FN:22,(anonymous_0)
FN:28,(anonymous_1)
FN:32,(anonymous_2)
FN:42,(anonymous_3)
FN:47,(anonymous_4)
FN:52,(anonymous_5)
FN:63,(anonymous_6)
FN:67,(anonymous_7)
FN:74,(anonymous_8)
FNF:9
FNH:9
FNDA:2,(anonymous_0)
FNDA:1,(anonymous_1)
FNDA:3,(anonymous_2)
FNDA:24,(anonymous_3)
FNDA:3,(anonymous_4)
FNDA:5,(anonymous_5)
FNDA:1,(anonymous_6)
FNDA:1,(anonymous_7)
FNDA:59,(anonymous_8)
DA:7,1
DA:8,1
DA:9,1
DA:10,1
DA:23,2
DA:24,1
DA:29,1
DA:33,3
DA:34,1
DA:35,1
DA:43,24
DA:44,24
DA:48,3
DA:49,3
DA:53,5
DA:54,5
DA:55,5
DA:56,5
DA:64,1
DA:68,1
DA:70,1
DA:71,1
DA:75,59
DA:80,59
LF:24
LH:24
BRDA:23,0,0,1
BRDA:23,0,1,1
BRDA:33,1,0,1
BRDA:33,1,1,2
BRDA:83,2,0,2
BRDA:83,2,1,57
BRF:6
BRH:6
end_of_record
TN:
SF:/Users/vas/Documents/LEARN/Slot-machine/src/components/Card/index.js
FN:5,(anonymous_0)
FNF:1
FNH:1
FNDA:2,(anonymous_0)
DA:5,5
DA:6,2
DA:15,5
LF:3
LH:3
BRDA:8,0,0,1
BRDA:8,0,1,1
BRF:2
BRH:2
end_of_record
TN:
SF:/Users/vas/Documents/LEARN/Slot-machine/src/components/Controls/index.js
FN:6,(anonymous_0)
FNF:1
FNH:1
FNDA:2,(anonymous_0)
DA:6,2
DA:7,2
DA:13,2
LF:3
LH:3
BRF:0
BRH:0
end_of_record
TN:
SF:/Users/vas/Documents/LEARN/Slot-machine/src/components/Prize/index.js
FN:6,(anonymous_0)
FNF:1
FNH:1
FNDA:4,(anonymous_0)
DA:7,4
DA:8,4
DA:9,4
DA:10,4
DA:12,4
DA:13,1
DA:14,3
DA:15,1
DA:16,2
DA:17,1
DA:20,4
DA:24,2
LF:12
LH:12
BRDA:12,0,0,1
BRDA:12,0,1,3
BRDA:12,1,0,4
BRDA:12,1,1,2
BRDA:14,2,0,1
BRDA:14,2,1,2
BRDA:16,3,0,1
BRDA:16,3,1,1
BRDA:16,4,0,2
BRDA:16,4,1,1
BRF:10
BRH:10
end_of_record
TN:
SF:/Users/vas/Documents/LEARN/Slot-machine/src/components/Slot/index.js
FN:32,(anonymous_0)
FN:47,(anonymous_1)
FNF:2
FNH:2
FNDA:1,(anonymous_0)
FNDA:2,(anonymous_1)
DA:7,4
DA:33,1
DA:34,0
DA:36,0
DA:38,0
DA:44,1
DA:48,2
DA:54,4
LF:8
LH:5
BRDA:33,0,0,0
BRDA:33,0,1,1
BRF:2
BRH:1
end_of_record
TN:
SF:/Users/vas/Documents/LEARN/Slot-machine/src/components/Slots/index.js
FN:7,(anonymous_0)
FNF:1
FNH:1
FNDA:2,(anonymous_0)
DA:8,2
DA:10,2
DA:11,3
DA:14,2
DA:20,2
LF:5
LH:5
BRF:0
BRH:0
end_of_record
TN:
SF:/Users/vas/Documents/LEARN/Slot-machine/src/components/StartButton/index.js
FN:4,(anonymous_0)
FNF:1
FNH:1
FNDA:1,(anonymous_0)
DA:4,3
DA:5,1
DA:10,3
LF:3
LH:3
BRF:0
BRH:0
end_of_record
TN:
SF:/Users/vas/Documents/LEARN/Slot-machine/src/components/StopButton/index.js
FN:4,(anonymous_0)
FNF:1
FNH:1
FNDA:1,(anonymous_0)
DA:4,3
DA:5,1
DA:10,3
LF:3
LH:3
BRF:0
BRH:0
end_of_record
